2023-10-20 20:44:51.303 [info] [总计] 469788  489KB 
  [js] 688955 
    "./src/index.js" 1984
    "./src/public/util.js" 4533
    "./src/public/consoleCSS.js" 303
    "./src/public/runtimeEnvironment.js" 55
    "./src/public/damageData.js" 1927
    "./src/public/save.js" 2526
    "./src/component/Base/index.js" 9132
    "./src/component/Base/db.js" 579
    "./src/component/Base/panelAttrInfo.data.js" 2719
    "./src/component/Entity/index.js" 5783
    "./src/component/Entity/db.js" 3950
    "./src/component/Entity/data.js" 20379
    "./src/component/Spell/index.js" 10692
    "./src/component/Spell/db.js" 19299
    "./src/component/Spell/data.js" 75456
    "./src/component/Wand/index.js" 4925
    "./src/component/Wand/db.js" 8391
    "./src/component/Wand/template.match.data.js" 32063
    "./src/component/Wand/template.preset.data.js" 299
    "./src/component/Perk/index.js" 3837
    "./src/component/Perk/db.js" 1893
    "./src/component/Perk/data.js" 7297
    "./src/component/Cursor/index.js" 1145
    "./dist/noitaLib.js" 469788
  [css] 14231 
    "./src/component/Base/base.css" 1174
    "./src/component/Base/icon.css" 237
    "./src/component/Base/panel.css" 2659
    "./src/component/Entity/panel.css" 137
    "./src/component/Spell/icon.css" 3163
    "./src/component/Spell/panel.css" 1254
    "./src/component/Wand/panel.css" 1490
    "./src/component/Perk/icon.css" 2305
    "./src/component/Perk/panel.css" 222
    "./src/component/Cursor/base.css" 1590
  [base64] 237256 
    "./src/component/Base/panelAttrIcon.png" 616
    "./src/component/Spell/icon.png" 57908
    "./src/component/Wand/icon.png" 166844
    "./src/component/Perk/icon.png" 11560
    "./src/component/Perk/icon_greedCurse.png" 328
2023-10-20 20:47:19.253 [info] [总计] 469789  489KB 
  [js] 688957 
    "./src/index.js" 1984
    "./src/public/util.js" 4533
    "./src/public/consoleCSS.js" 303
    "./src/public/runtimeEnvironment.js" 55
    "./src/public/damageData.js" 1927
    "./src/public/save.js" 2526
    "./src/component/Base/index.js" 9132
    "./src/component/Base/db.js" 579
    "./src/component/Base/panelAttrInfo.data.js" 2719
    "./src/component/Entity/index.js" 5783
    "./src/component/Entity/db.js" 3950
    "./src/component/Entity/data.js" 20379
    "./src/component/Spell/index.js" 10693
    "./src/component/Spell/db.js" 19299
    "./src/component/Spell/data.js" 75456
    "./src/component/Wand/index.js" 4925
    "./src/component/Wand/db.js" 8391
    "./src/component/Wand/template.match.data.js" 32063
    "./src/component/Wand/template.preset.data.js" 299
    "./src/component/Perk/index.js" 3837
    "./src/component/Perk/db.js" 1893
    "./src/component/Perk/data.js" 7297
    "./src/component/Cursor/index.js" 1145
    "./dist/noitaLib.js" 469789
  [css] 14231 
    "./src/component/Base/base.css" 1174
    "./src/component/Base/icon.css" 237
    "./src/component/Base/panel.css" 2659
    "./src/component/Entity/panel.css" 137
    "./src/component/Spell/icon.css" 3163
    "./src/component/Spell/panel.css" 1254
    "./src/component/Wand/panel.css" 1490
    "./src/component/Perk/icon.css" 2305
    "./src/component/Perk/panel.css" 222
    "./src/component/Cursor/base.css" 1590
  [base64] 237256 
    "./src/component/Base/panelAttrIcon.png" 616
    "./src/component/Spell/icon.png" 57908
    "./src/component/Wand/icon.png" 166844
    "./src/component/Perk/icon.png" 11560
    "./src/component/Perk/icon_greedCurse.png" 328
2023-10-20 20:55:11.205 [info] [总计] 469807  489KB 
  [js] 688993 
    "./src/index.js" 1984
    "./src/public/util.js" 4533
    "./src/public/consoleCSS.js" 303
    "./src/public/runtimeEnvironment.js" 55
    "./src/public/damageData.js" 1927
    "./src/public/save.js" 2526
    "./src/component/Base/index.js" 9132
    "./src/component/Base/db.js" 579
    "./src/component/Base/panelAttrInfo.data.js" 2719
    "./src/component/Entity/index.js" 5783
    "./src/component/Entity/db.js" 3950
    "./src/component/Entity/data.js" 20379
    "./src/component/Spell/index.js" 10740
    "./src/component/Spell/db.js" 19299
    "./src/component/Spell/data.js" 75456
    "./src/component/Wand/index.js" 4896
    "./src/component/Wand/db.js" 8391
    "./src/component/Wand/template.match.data.js" 32063
    "./src/component/Wand/template.preset.data.js" 299
    "./src/component/Perk/index.js" 3837
    "./src/component/Perk/db.js" 1893
    "./src/component/Perk/data.js" 7297
    "./src/component/Cursor/index.js" 1145
    "./dist/noitaLib.js" 469807
  [css] 14231 
    "./src/component/Base/base.css" 1174
    "./src/component/Base/icon.css" 237
    "./src/component/Base/panel.css" 2659
    "./src/component/Entity/panel.css" 137
    "./src/component/Spell/icon.css" 3163
    "./src/component/Spell/panel.css" 1254
    "./src/component/Wand/panel.css" 1490
    "./src/component/Perk/icon.css" 2305
    "./src/component/Perk/panel.css" 222
    "./src/component/Cursor/base.css" 1590
  [base64] 237256 
    "./src/component/Base/panelAttrIcon.png" 616
    "./src/component/Spell/icon.png" 57908
    "./src/component/Wand/icon.png" 166844
    "./src/component/Perk/icon.png" 11560
    "./src/component/Perk/icon_greedCurse.png" 328
2023-10-20 20:55:52.255 [info] [总计] 469814  489KB 
  [js] 689007 
    "./src/index.js" 1984
    "./src/public/util.js" 4533
    "./src/public/consoleCSS.js" 303
    "./src/public/runtimeEnvironment.js" 55
    "./src/public/damageData.js" 1927
    "./src/public/save.js" 2526
    "./src/component/Base/index.js" 9132
    "./src/component/Base/db.js" 579
    "./src/component/Base/panelAttrInfo.data.js" 2719
    "./src/component/Entity/index.js" 5783
    "./src/component/Entity/db.js" 3950
    "./src/component/Entity/data.js" 20379
    "./src/component/Spell/index.js" 10747
    "./src/component/Spell/db.js" 19299
    "./src/component/Spell/data.js" 75456
    "./src/component/Wand/index.js" 4896
    "./src/component/Wand/db.js" 8391
    "./src/component/Wand/template.match.data.js" 32063
    "./src/component/Wand/template.preset.data.js" 299
    "./src/component/Perk/index.js" 3837
    "./src/component/Perk/db.js" 1893
    "./src/component/Perk/data.js" 7297
    "./src/component/Cursor/index.js" 1145
    "./dist/noitaLib.js" 469814
  [css] 14231 
    "./src/component/Base/base.css" 1174
    "./src/component/Base/icon.css" 237
    "./src/component/Base/panel.css" 2659
    "./src/component/Entity/panel.css" 137
    "./src/component/Spell/icon.css" 3163
    "./src/component/Spell/panel.css" 1254
    "./src/component/Wand/panel.css" 1490
    "./src/component/Perk/icon.css" 2305
    "./src/component/Perk/panel.css" 222
    "./src/component/Cursor/base.css" 1590
  [base64] 237256 
    "./src/component/Base/panelAttrIcon.png" 616
    "./src/component/Spell/icon.png" 57908
    "./src/component/Wand/icon.png" 166844
    "./src/component/Perk/icon.png" 11560
    "./src/component/Perk/icon_greedCurse.png" 328
2023-10-20 20:58:50.434 [info] [总计] 469760  489KB 
  [js] 688899 
    "./src/index.js" 1984
    "./src/public/util.js" 4533
    "./src/public/consoleCSS.js" 303
    "./src/public/runtimeEnvironment.js" 55
    "./src/public/damageData.js" 1927
    "./src/public/save.js" 2526
    "./src/component/Base/index.js" 9132
    "./src/component/Base/db.js" 579
    "./src/component/Base/panelAttrInfo.data.js" 2719
    "./src/component/Entity/index.js" 5783
    "./src/component/Entity/db.js" 3950
    "./src/component/Entity/data.js" 20379
    "./src/component/Spell/index.js" 10693
    "./src/component/Spell/db.js" 19299
    "./src/component/Spell/data.js" 75456
    "./src/component/Wand/index.js" 4896
    "./src/component/Wand/db.js" 8391
    "./src/component/Wand/template.match.data.js" 32063
    "./src/component/Wand/template.preset.data.js" 299
    "./src/component/Perk/index.js" 3837
    "./src/component/Perk/db.js" 1893
    "./src/component/Perk/data.js" 7297
    "./src/component/Cursor/index.js" 1145
    "./dist/noitaLib.js" 469760
  [css] 14231 
    "./src/component/Base/base.css" 1174
    "./src/component/Base/icon.css" 237
    "./src/component/Base/panel.css" 2659
    "./src/component/Entity/panel.css" 137
    "./src/component/Spell/icon.css" 3163
    "./src/component/Spell/panel.css" 1254
    "./src/component/Wand/panel.css" 1490
    "./src/component/Perk/icon.css" 2305
    "./src/component/Perk/panel.css" 222
    "./src/component/Cursor/base.css" 1590
  [base64] 237256 
    "./src/component/Base/panelAttrIcon.png" 616
    "./src/component/Spell/icon.png" 57908
    "./src/component/Wand/icon.png" 166844
    "./src/component/Perk/icon.png" 11560
    "./src/component/Perk/icon_greedCurse.png" 328
